<?xml version="1.0" encoding="UTF-8"?>
<!-- Generated by org.testng.reporters.JUnitXMLReporter -->
<testsuite ignored="4" hostname="mamobarjos" failures="0" tests="1" name="Default test" time="30.24" errors="0" timestamp="2025-02-04T10:48:05 EET">
  <testcase classname="com.android.Appium.Base" name="MultiplyTowRandomNumbers" time="11.11"/>
  <testcase classname="com.android.Appium.Base" name="MultiplayTowNumber" time="0.0">
    <ignored/>
  </testcase> <!-- MultiplayTowNumber -->
  <testcase classname="com.android.Appium.Base" name="ClickOnlyOnNumbers" time="0.0">
    <ignored/>
  </testcase> <!-- ClickOnlyOnNumbers -->
  <testcase classname="com.android.Appium.Base" name="ClickonAllItems" time="0.0">
    <ignored/>
  </testcase> <!-- ClickonAllItems -->
  <testcase classname="com.android.Appium.Base" name="ClickOnlyOnEvenNumbers" time="0.0">
    <ignored/>
  </testcase> <!-- ClickOnlyOnEvenNumbers -->
</testsuite> <!-- Default test -->
