<?xml version="1.0" encoding="UTF-8"?>
<testng-results ignored="4" total="5" passed="1" failed="0" skipped="0">
  <reporter-output>
  </reporter-output>
  <suite started-at="2025-02-04T10:47:35 EET" name="Default suite" finished-at="2025-02-04T10:48:05 EET" duration-ms="30240">
    <groups>
    </groups>
    <test started-at="2025-02-04T10:47:35 EET" name="Default test" finished-at="2025-02-04T10:48:05 EET" duration-ms="30240">
      <class name="com.android.Appium.Base">
        <test-method is-config="true" signature="configureAppium()[pri:0, instance:com.android.Appium.Base@a1cdc6d]" started-at="2025-02-04T10:47:35 EET" name="configureAppium" finished-at="2025-02-04T10:47:35 EET" duration-ms="223" status="PASS">
          <reporter-output>
          </reporter-output>
        </test-method> <!-- configureAppium -->
        <test-method is-config="true" signature="MyBeforeMethod()[pri:0, instance:com.android.Appium.Base@a1cdc6d]" started-at="2025-02-04T10:47:35 EET" name="MyBeforeMethod" finished-at="2025-02-04T10:47:54 EET" duration-ms="18790" status="PASS">
          <reporter-output>
          </reporter-output>
        </test-method> <!-- MyBeforeMethod -->
        <test-method signature="MultiplyTowRandomNumbers()[pri:5, instance:com.android.Appium.Base@a1cdc6d]" started-at="2025-02-04T10:47:54 EET" name="MultiplyTowRandomNumbers" description="Multiply Tow Random Numbers" finished-at="2025-02-04T10:48:05 EET" duration-ms="11110" status="PASS">
          <reporter-output>
          </reporter-output>
        </test-method> <!-- MultiplyTowRandomNumbers -->
      </class> <!-- com.android.Appium.Base -->
    </test> <!-- Default test -->
  </suite> <!-- Default suite -->
</testng-results>
